# JRE version: OpenJDK Runtime Environment (8.0_222-b10) (build 1.8.0_222-b10)
# Java VM: OpenJDK 64-Bit Server VM (25.222-b10 mixed mode linux-amd64 compressed oops)
Heap:
 PSYoungGen      total 133632K, used 5205K [0x00000000ec800000, 0x00000000f5600000, 0x0000000100000000)
  eden space 121856K, 0% used [0x00000000ec800000,0x00000000ec800000,0x00000000f3f00000)
  from space 11776K, 44% used [0x00000000f3f00000,0x00000000f44157d8,0x00000000f4a80000)
  to   space 11776K, 0% used [0x00000000f4a80000,0x00000000f4a80000,0x00000000f5600000)
 ParOldGen       total 40960K, used 16284K [0x00000000c5800000, 0x00000000c8000000, 0x00000000ec800000)
  object space 40960K, 39% used [0x00000000c5800000,0x00000000c67e71e0,0x00000000c8000000)
 Metaspace       used 20736K, capacity 21160K, committed 21296K, reserved 1069056K
  class space    used 2479K, capacity 2618K, committed 2688K, reserved 1048576K
GC Heap History (10 events):
Event: 2.243 GC heap after
Heap after GC invocations=4 (full 0):
 PSYoungGen      total 33280K, used 2558K [0x00000000ec800000, 0x00000000eeb00000, 0x0000000100000000)
  eden space 30720K, 0% used [0x00000000ec800000,0x00000000ec800000,0x00000000ee600000)
  from space 2560K, 99% used [0x00000000ee880000,0x00000000eeaff980,0x00000000eeb00000)
  to   space 2560K, 0% used [0x00000000ee600000,0x00000000ee600000,0x00000000ee880000)
 ParOldGen       total 40960K, used 3967K [0x00000000c5800000, 0x00000000c8000000, 0x00000000ec800000)
  object space 40960K, 9% used [0x00000000c5800000,0x00000000c5bdfcd8,0x00000000c8000000)
 Metaspace       used 6361K, capacity 6600K, committed 6656K, reserved 1056768K
  class space    used 677K, capacity 732K, committed 768K, reserved 1048576K
}
Event: 3.120 GC heap before
{Heap before GC invocations=5 (full 0):
 PSYoungGen      total 33280K, used 33278K [0x00000000ec800000, 0x00000000eeb00000, 0x0000000100000000)
  eden space 30720K, 100% used [0x00000000ec800000,0x00000000ee600000,0x00000000ee600000)
  from space 2560K, 99% used [0x00000000ee880000,0x00000000eeaff980,0x00000000eeb00000)
  to   space 2560K, 0% used [0x00000000ee600000,0x00000000ee600000,0x00000000ee880000)
 ParOldGen       total 40960K, used 3967K [0x00000000c5800000, 0x00000000c8000000, 0x00000000ec800000)
  object space 40960K, 9% used [0x00000000c5800000,0x00000000c5bdfcd8,0x00000000c8000000)
 Metaspace       used 9423K, capacity 9644K, committed 9856K, reserved 1058816K
  class space    used 1064K, capacity 1122K, committed 1152K, reserved 1048576K
Event: 3.130 GC heap after
Heap after GC invocations=5 (full 0):
 PSYoungGen      total 33280K, used 2541K [0x00000000ec800000, 0x00000000f1500000, 0x0000000100000000)
  eden space 30720K, 0% used [0x00000000ec800000,0x00000000ec800000,0x00000000ee600000)
  from space 2560K, 99% used [0x00000000ee600000,0x00000000ee87b540,0x00000000ee880000)
  to   space 8704K, 0% used [0x00000000f0c80000,0x00000000f0c80000,0x00000000f1500000)
 ParOldGen       total 40960K, used 10049K [0x00000000c5800000, 0x00000000c8000000, 0x00000000ec800000)
  object space 40960K, 24% used [0x00000000c5800000,0x00000000c61d0728,0x00000000c8000000)
 Metaspace       used 9423K, capacity 9644K, committed 9856K, reserved 1058816K
  class space    used 1064K, capacity 1122K, committed 1152K, reserved 1048576K
}
Event: 3.741 GC heap before
{Heap before GC invocations=6 (full 0):
 PSYoungGen      total 33280K, used 33261K [0x00000000ec800000, 0x00000000f1500000, 0x0000000100000000)
  eden space 30720K, 100% used [0x00000000ec800000,0x00000000ee600000,0x00000000ee600000)
  from space 2560K, 99% used [0x00000000ee600000,0x00000000ee87b540,0x00000000ee880000)
  to   space 8704K, 0% used [0x00000000f0c80000,0x00000000f0c80000,0x00000000f1500000)
 ParOldGen       total 40960K, used 10049K [0x00000000c5800000, 0x00000000c8000000, 0x00000000ec800000)
  object space 40960K, 24% used [0x00000000c5800000,0x00000000c61d0728,0x00000000c8000000)
 Metaspace       used 10879K, capacity 11090K, committed 11392K, reserved 1058816K
  class space    used 1289K, capacity 1347K, committed 1408K, reserved 1048576K
Event: 3.750 GC heap after
Heap after GC invocations=6 (full 0):
 PSYoungGen      total 69632K, used 6262K [0x00000000ec800000, 0x00000000f1600000, 0x0000000100000000)
  eden space 60928K, 0% used [0x00000000ec800000,0x00000000ec800000,0x00000000f0380000)
  from space 8704K, 71% used [0x00000000f0c80000,0x00000000f129db28,0x00000000f1500000)
  to   space 9216K, 0% used [0x00000000f0380000,0x00000000f0380000,0x00000000f0c80000)
 ParOldGen       total 40960K, used 10057K [0x00000000c5800000, 0x00000000c8000000, 0x00000000ec800000)
  object space 40960K, 24% used [0x00000000c5800000,0x00000000c61d2728,0x00000000c8000000)
 Metaspace       used 10879K, capacity 11090K, committed 11392K, reserved 1058816K
  class space    used 1289K, capacity 1347K, committed 1408K, reserved 1048576K
}
Event: 5.396 GC heap before
{Heap before GC invocations=7 (full 0):
 PSYoungGen      total 69632K, used 67190K [0x00000000ec800000, 0x00000000f1600000, 0x0000000100000000)
  eden space 60928K, 100% used [0x00000000ec800000,0x00000000f0380000,0x00000000f0380000)
  from space 8704K, 71% used [0x00000000f0c80000,0x00000000f129db28,0x00000000f1500000)
  to   space 9216K, 0% used [0x00000000f0380000,0x00000000f0380000,0x00000000f0c80000)
 ParOldGen       total 40960K, used 10057K [0x00000000c5800000, 0x00000000c8000000, 0x00000000ec800000)
  object space 40960K, 24% used [0x00000000c5800000,0x00000000c61d2728,0x00000000c8000000)
 Metaspace       used 17724K, capacity 18116K, committed 18432K, reserved 1064960K
  class space    used 2166K, capacity 2274K, committed 2304K, reserved 1048576K
Event: 5.431 GC heap after
Heap after GC invocations=7 (full 0):
 PSYoungGen      total 70144K, used 9199K [0x00000000ec800000, 0x00000000f5600000, 0x0000000100000000)
  eden space 60928K, 0% used [0x00000000ec800000,0x00000000ec800000,0x00000000f0380000)
  from space 9216K, 99% used [0x00000000f0380000,0x00000000f0c7beb0,0x00000000f0c80000)
  to   space 11776K, 0% used [0x00000000f4a80000,0x00000000f4a80000,0x00000000f5600000)
 ParOldGen       total 40960K, used 12246K [0x00000000c5800000, 0x00000000c8000000, 0x00000000ec800000)
  object space 40960K, 29% used [0x00000000c5800000,0x00000000c63f58c0,0x00000000c8000000)
 Metaspace       used 17724K, capacity 18116K, committed 18432K, reserved 1064960K
  class space    used 2166K, capacity 2274K, committed 2304K, reserved 1048576K
}
Event: 6.711 GC heap before
{Heap before GC invocations=8 (full 0):
 PSYoungGen      total 70144K, used 70067K [0x00000000ec800000, 0x00000000f5600000, 0x0000000100000000)
  eden space 60928K, 99% used [0x00000000ec800000,0x00000000f0370db8,0x00000000f0380000)
  from space 9216K, 99% used [0x00000000f0380000,0x00000000f0c7beb0,0x00000000f0c80000)
  to   space 11776K, 0% used [0x00000000f4a80000,0x00000000f4a80000,0x00000000f5600000)
 ParOldGen       total 40960K, used 12246K [0x00000000c5800000, 0x00000000c8000000, 0x00000000ec800000)
  object space 40960K, 29% used [0x00000000c5800000,0x00000000c63f58c0,0x00000000c8000000)
 Metaspace       used 19394K, capacity 19836K, committed 19968K, reserved 1067008K
  class space    used 2346K, capacity 2456K, committed 2560K, reserved 1048576K
Event: 6.750 GC heap after
Heap after GC invocations=8 (full 0):
 PSYoungGen      total 133632K, used 6740K [0x00000000ec800000, 0x00000000f5600000, 0x0000000100000000)
  eden space 121856K, 0% used [0x00000000ec800000,0x00000000ec800000,0x00000000f3f00000)
  from space 11776K, 57% used [0x00000000f4a80000,0x00000000f51151a0,0x00000000f5600000)
  to   space 11776K, 0% used [0x00000000f3f00000,0x00000000f3f00000,0x00000000f4a80000)
 ParOldGen       total 40960K, used 13283K [0x00000000c5800000, 0x00000000c8000000, 0x00000000ec800000)
  object space 40960K, 32% used [0x00000000c5800000,0x00000000c64f8fe8,0x00000000c8000000)
 Metaspace       used 19394K, capacity 19836K, committed 19968K, reserved 1067008K
  class space    used 2346K, capacity 2456K, committed 2560K, reserved 1048576K
}
Event: 9.211 GC heap before
{Heap before GC invocations=9 (full 0):
 PSYoungGen      total 133632K, used 39717K [0x00000000ec800000, 0x00000000f5600000, 0x0000000100000000)
  eden space 121856K, 27% used [0x00000000ec800000,0x00000000ee834330,0x00000000f3f00000)
  from space 11776K, 57% used [0x00000000f4a80000,0x00000000f51151a0,0x00000000f5600000)
  to   space 11776K, 0% used [0x00000000f3f00000,0x00000000f3f00000,0x00000000f4a80000)
 ParOldGen       total 40960K, used 13283K [0x00000000c5800000, 0x00000000c8000000, 0x00000000ec800000)
  object space 40960K, 32% used [0x00000000c5800000,0x00000000c64f8fe8,0x00000000c8000000)
 Metaspace       used 20736K, capacity 21160K, committed 21296K, reserved 1069056K
  class space    used 2479K, capacity 2618K, committed 2688K, reserved 1048576K

